Compiling the C compiler identification source file "CMakeCCompilerId.c" failed.
Compiler: /usr/bin/cc 
Build flags: 
Id flags: 

The output was:
1
/usr/bin/ld: cannot find crt1.o: No such file or directory
/usr/bin/ld: cannot find crti.o: No such file or directory
/usr/bin/ld: cannot find -lc
/usr/bin/ld: cannot find crtn.o: No such file or directory
collect2: error: ld returned 1 exit status


Compiling the CXX compiler identification source file "CMakeCXXCompilerId.cpp" failed.
Compiler: CMAKE_CXX_COMPILER-NOTFOUND 
Build flags: 
Id flags: 

The output was:
No such file or directory


Compiling the CXX compiler identification source file "CMakeCXXCompilerId.cpp" failed.
Compiler: CMAKE_CXX_COMPILER-NOTFOUND 
Build flags: 
Id flags: -c

The output was:
No such file or directory


Checking whether the CXX compiler is IAR using "" did not match "IAR .+ Compiler":
Determining if the C compiler works failed with the following output:
Change Dir: /home/scott2ware/SourceCode/IoT/upm/CMakeFiles/CMakeTmp

Run Build Command:/usr/bin/make "cmTryCompileExec3623090721/fast"
/usr/bin/make -f CMakeFiles/cmTryCompileExec3623090721.dir/build.make CMakeFiles/cmTryCompileExec3623090721.dir/build
make[1]: Entering directory `/home/scott2ware/SourceCode/IoT/upm/CMakeFiles/CMakeTmp'
/usr/bin/cmake -E cmake_progress_report /home/scott2ware/SourceCode/IoT/upm/CMakeFiles/CMakeTmp/CMakeFiles 1
Building C object CMakeFiles/cmTryCompileExec3623090721.dir/testCCompiler.c.o
/usr/bin/cc    -o CMakeFiles/cmTryCompileExec3623090721.dir/testCCompiler.c.o   -c /home/scott2ware/SourceCode/IoT/upm/CMakeFiles/CMakeTmp/testCCompiler.c
Linking C executable cmTryCompileExec3623090721
/usr/bin/cmake -E cmake_link_script CMakeFiles/cmTryCompileExec3623090721.dir/link.txt --verbose=1
/usr/bin/cc       CMakeFiles/cmTryCompileExec3623090721.dir/testCCompiler.c.o  -o cmTryCompileExec3623090721 -rdynamic 
/usr/bin/ld: cannot find crt1.o: No such file or directory
/usr/bin/ld: cannot find crti.o: No such file or directory
/usr/bin/ld: cannot find -lc
/usr/bin/ld: cannot find crtn.o: No such file or directory
collect2: error: ld returned 1 exit status
make[1]: Leaving directory `/home/scott2ware/SourceCode/IoT/upm/CMakeFiles/CMakeTmp'
make[1]: *** [cmTryCompileExec3623090721] Error 1
make: *** [cmTryCompileExec3623090721/fast] Error 2


